============================= test session starts ==============================
platform linux -- Python 3.12.3, pytest-7.4.4, pluggy-1.4.0 -- /usr/bin/python3
cachedir: .pytest_cache
rootdir: /home/alex-rodrigues/Projects/M2/A-Maze-ing
plugins: cov-4.1.0
collecting ... collected 52 items

tests/test_config.py::TestConfigParsing::test_parse_minimal_config PASSED [  1%]
tests/test_config.py::TestConfigParsing::test_parse_full_config PASSED   [  3%]
tests/test_config.py::TestConfigParsing::test_parse_with_comments PASSED [  5%]
tests/test_config.py::TestConfigParsing::test_parse_with_empty_lines PASSED [  7%]
tests/test_config.py::TestConfigParsing::test_parse_boolean_true_variations PASSED [  9%]
tests/test_config.py::TestConfigParsing::test_parse_boolean_false_variations PASSED [ 11%]
tests/test_config.py::TestConfigParsing::test_parse_tuple_coordinates PASSED [ 13%]
tests/test_config.py::TestConfigValidation::test_missing_required_field PASSED [ 15%]
tests/test_config.py::TestConfigValidation::test_invalid_width PASSED    [ 17%]
tests/test_config.py::TestConfigValidation::test_invalid_height PASSED   [ 19%]
tests/test_config.py::TestConfigValidation::test_invalid_entry_format PASSED [ 21%]
tests/test_config.py::TestConfigValidation::test_negative_seed PASSED    [ 23%]
tests/test_config.py::TestConfigDefaults::test_default_bonus_fields PASSED [ 25%]
tests/test_config.py::TestConfigDefaults::test_override_defaults PASSED  [ 26%]
tests/test_config.py::TestConfigEdgeCases::test_whitespace_handling PASSED [ 28%]
tests/test_config.py::TestConfigEdgeCases::test_case_insensitive_keys PASSED [ 30%]
tests/test_config.py::TestConfigEdgeCases::test_duplicate_keys PASSED    [ 32%]
tests/test_config.py::TestConfigEdgeCases::test_very_large_dimensions PASSED [ 34%]
tests/test_mazegen.py::TestMazeStructure::test_maze_dimensions PASSED    [ 36%]
tests/test_mazegen.py::TestMazeStructure::test_maze_cells_are_valid_bitmasks PASSED [ 38%]
tests/test_mazegen.py::TestMazeStructure::test_maze_has_walls PASSED     [ 40%]
tests/test_mazegen.py::TestMazeGeneration::test_dfs_generation_deterministic PASSED [ 42%]
tests/test_mazegen.py::TestMazeGeneration::test_prim_generation_deterministic PASSED [ 44%]
tests/test_mazegen.py::TestMazeGeneration::test_different_seeds_produce_different_mazes PASSED [ 46%]
tests/test_mazegen.py::TestMazeGeneration::test_minimum_size_maze PASSED [ 48%]
tests/test_mazegen.py::TestMazeConstraints::test_entry_exit_different PASSED [ 50%]
tests/test_mazegen.py::TestMazeConstraints::test_border_walls_exist PASSED [ 51%]
tests/test_mazegen.py::TestMazeConstraints::test_stamp_42_exists_in_large_maze PASSED [ 53%]
tests/test_mazegen.py::TestMazeConstraints::test_stamp_42_all_walls_closed PASSED [ 55%]
tests/test_mazegen.py::TestMazeConstraints::test_no_3x3_open_areas PASSED [ 57%]
tests/test_mazegen.py::TestMazeSolving::test_bfs_finds_solution PASSED   [ 59%]
tests/test_mazegen.py::TestMazeSolving::test_astar_finds_solution PASSED [ 61%]
tests/test_mazegen.py::TestMazeSolving::test_path_reaches_exit PASSED    [ 63%]
tests/test_mazegen.py::TestMazeSolving::test_path_respects_walls PASSED  [ 65%]
tests/test_mazegen.py::TestMazeSolving::test_bfs_vs_astar_both_valid PASSED [ 67%]
tests/test_mazegen.py::TestEdgeCases::test_invalid_entry_coordinates PASSED [ 69%]
tests/test_mazegen.py::TestEdgeCases::test_invalid_exit_coordinates PASSED [ 71%]
tests/test_mazegen.py::TestEdgeCases::test_same_entry_exit PASSED        [ 73%]
tests/test_mazegen.py::TestEdgeCases::test_very_small_maze PASSED        [ 75%]
tests/test_mazegen.py::TestEdgeCases::test_rectangular_maze PASSED       [ 76%]
tests/test_mazegen.py::TestEdgeCases::test_perfect_vs_imperfect_maze PASSED [ 78%]
tests/test_mazegen.py::TestAlgorithmSwitching::test_set_algorithm_method_exists PASSED [ 80%]
tests/test_mazegen.py::TestAlgorithmSwitching::test_algorithm_switching_produces_different_mazes PASSED [ 82%]
tests/test_serializer.py::TestOutputFileFormat::test_write_basic_maze PASSED [ 84%]
tests/test_serializer.py::TestOutputFileFormat::test_output_format_structure PASSED [ 86%]
tests/test_serializer.py::TestOutputFileFormat::test_hex_encoding_correct PASSED [ 88%]
tests/test_serializer.py::TestOutputFileFormat::test_path_format PASSED  [ 90%]
tests/test_serializer.py::TestOutputValidation::test_output_passes_validator PASSED [ 92%]
tests/test_serializer.py::TestWallConsistency::test_north_south_walls_consistent PASSED [ 94%]
tests/test_serializer.py::TestWallConsistency::test_east_west_walls_consistent PASSED [ 96%]
tests/test_serializer.py::TestEdgeCases::test_empty_path PASSED          [ 98%]
tests/test_serializer.py::TestEdgeCases::test_long_path PASSED           [100%]

============================== 52 passed in 0.09s ==============================
