============================= test session starts ==============================
platform linux -- Python 3.12.3, pytest-7.4.4, pluggy-1.4.0 -- /usr/bin/python3
cachedir: .pytest_cache
rootdir: /home/alex-rodrigues/Projects/M2/A-Maze-ing
plugins: cov-4.1.0
collecting ... collected 53 items

tests/test_config.py::TestConfigParsing::test_parse_minimal_config SKIPPED [  1%]
tests/test_config.py::TestConfigParsing::test_parse_full_config PASSED   [  3%]
tests/test_config.py::TestConfigParsing::test_parse_with_comments SKIPPED [  5%]
tests/test_config.py::TestConfigParsing::test_parse_with_empty_lines SKIPPED [  7%]
tests/test_config.py::TestConfigParsing::test_parse_boolean_true_variations SKIPPED [  9%]
tests/test_config.py::TestConfigParsing::test_parse_boolean_false_variations SKIPPED [ 11%]
tests/test_config.py::TestConfigParsing::test_parse_tuple_coordinates SKIPPED [ 13%]
tests/test_config.py::TestConfigValidation::test_missing_required_field PASSED [ 15%]
tests/test_config.py::TestConfigValidation::test_invalid_width PASSED    [ 16%]
tests/test_config.py::TestConfigValidation::test_invalid_height PASSED   [ 18%]
tests/test_config.py::TestConfigValidation::test_invalid_entry_format SKIPPED [ 20%]
tests/test_config.py::TestConfigValidation::test_negative_seed SKIPPED   [ 22%]
tests/test_config.py::TestConfigDefaults::test_default_bonus_fields SKIPPED [ 24%]
tests/test_config.py::TestConfigDefaults::test_override_defaults SKIPPED [ 26%]
tests/test_config.py::TestConfigEdgeCases::test_whitespace_handling SKIPPED [ 28%]
tests/test_config.py::TestConfigEdgeCases::test_case_insensitive_keys SKIPPED [ 30%]
tests/test_config.py::TestConfigEdgeCases::test_duplicate_keys SKIPPED   [ 32%]
tests/test_config.py::TestConfigEdgeCases::test_very_large_dimensions PASSED [ 33%]
tests/test_mazegen.py::TestMazeStructure::test_maze_dimensions PASSED    [ 35%]
tests/test_mazegen.py::TestMazeStructure::test_maze_cells_are_valid_bitmasks PASSED [ 37%]
tests/test_mazegen.py::TestMazeStructure::test_maze_has_walls PASSED     [ 39%]
tests/test_mazegen.py::TestMazeGeneration::test_dfs_generation_deterministic PASSED [ 41%]
tests/test_mazegen.py::TestMazeGeneration::test_prim_generation_deterministic PASSED [ 43%]
tests/test_mazegen.py::TestMazeGeneration::test_different_seeds_produce_different_mazes PASSED [ 45%]
tests/test_mazegen.py::TestMazeGeneration::test_minimum_size_maze PASSED [ 47%]
tests/test_mazegen.py::TestMazeConstraints::test_entry_exit_different PASSED [ 49%]
tests/test_mazegen.py::TestMazeConstraints::test_border_walls_exist PASSED [ 50%]
tests/test_mazegen.py::TestMazeConstraints::test_stamp_42_exists_in_large_maze SKIPPED [ 52%]
tests/test_mazegen.py::TestMazeConstraints::test_stamp_42_all_walls_closed PASSED [ 54%]
tests/test_mazegen.py::TestMazeConstraints::test_no_3x3_open_areas PASSED [ 56%]
tests/test_mazegen.py::TestMazeSolving::test_bfs_finds_solution PASSED   [ 58%]
tests/test_mazegen.py::TestMazeSolving::test_astar_finds_solution PASSED [ 60%]
tests/test_mazegen.py::TestMazeSolving::test_path_reaches_exit PASSED    [ 62%]
tests/test_mazegen.py::TestMazeSolving::test_path_respects_walls PASSED  [ 64%]
tests/test_mazegen.py::TestMazeSolving::test_bfs_vs_astar_both_valid PASSED [ 66%]
tests/test_mazegen.py::TestEdgeCases::test_invalid_entry_coordinates PASSED [ 67%]
tests/test_mazegen.py::TestEdgeCases::test_invalid_exit_coordinates PASSED [ 69%]
tests/test_mazegen.py::TestEdgeCases::test_same_entry_exit PASSED        [ 71%]
tests/test_mazegen.py::TestEdgeCases::test_very_small_maze PASSED        [ 73%]
tests/test_mazegen.py::TestEdgeCases::test_rectangular_maze PASSED       [ 75%]
tests/test_mazegen.py::TestEdgeCases::test_perfect_vs_imperfect_maze PASSED [ 77%]
tests/test_mazegen.py::TestAlgorithmSwitching::test_set_algorithm_method_exists SKIPPED [ 79%]
tests/test_mazegen.py::TestAlgorithmSwitching::test_algorithm_switching_produces_different_mazes SKIPPED [ 81%]
tests/test_serializer.py::TestOutputFileFormat::test_write_basic_maze PASSED [ 83%]
tests/test_serializer.py::TestOutputFileFormat::test_output_format_structure PASSED [ 84%]
tests/test_serializer.py::TestOutputFileFormat::test_hex_encoding_correct PASSED [ 86%]
tests/test_serializer.py::TestOutputFileFormat::test_path_format PASSED  [ 88%]
tests/test_serializer.py::TestOutputValidation::test_output_passes_validator PASSED [ 90%]
tests/test_serializer.py::TestOutputValidation::test_multiple_mazes_pass_validator SKIPPED [ 92%]
tests/test_serializer.py::TestWallConsistency::test_north_south_walls_consistent PASSED [ 94%]
tests/test_serializer.py::TestWallConsistency::test_east_west_walls_consistent PASSED [ 96%]
tests/test_serializer.py::TestEdgeCases::test_empty_path PASSED          [ 98%]
tests/test_serializer.py::TestEdgeCases::test_long_path PASSED           [100%]

======================== 36 passed, 17 skipped in 0.05s ========================
